2015-06-11 23:14:40,091 [main] WARN  o.e.r.c.r.p.ProcessableProposalFactory - Unknown JDT proposal type 'class org.eclipse.jdt.internal.ui.text.javadoc.JavadocLinkTypeCompletionProposal' ('{@link NO_RESOURCES} - org.omg.CORBA'). Returning original proposal instead.
2015-06-11 23:14:40,115 [main] WARN  o.e.r.c.r.p.ProcessableProposalFactory - Unknown JDT proposal type 'class org.eclipse.jdt.internal.ui.text.javadoc.JavadocLinkTypeCompletionProposal' ('{@link NullPointerException} - java.lang'). Returning original proposal instead.
2015-06-11 23:14:40,115 [main] WARN  o.e.r.c.r.p.ProcessableProposalFactory - Unknown JDT proposal type 'class org.eclipse.jdt.internal.ui.text.javadoc.JavadocLinkTypeCompletionProposal' ('{@link NamingManager} - javax.naming.spi'). Returning original proposal instead.
2015-06-11 23:14:40,116 [main] WARN  o.e.r.c.r.p.ProcessableProposalFactory - Unknown JDT proposal type 'class org.eclipse.jdt.internal.ui.text.javadoc.JavadocLinkTypeCompletionProposal' ('{@link NoSuchFieldException} - java.lang'). Returning original proposal instead.
2015-06-11 23:14:40,117 [main] WARN  o.e.r.c.r.p.ProcessableProposalFactory - Unknown JDT proposal type 'class org.eclipse.jdt.internal.ui.text.javadoc.JavadocLinkTypeCompletionProposal' ('{@link NClob} - java.sql'). Returning original proposal instead.
2015-06-11 23:14:40,117 [main] WARN  o.e.r.c.r.p.ProcessableProposalFactory - Unknown JDT proposal type 'class org.eclipse.jdt.internal.ui.text.javadoc.JavadocLinkTypeCompletionProposal' ('{@link NotEmpty} - org.omg.CosNaming.NamingContextPackage'). Returning original proposal instead.
2015-06-11 23:14:40,118 [main] WARN  o.e.r.c.r.p.ProcessableProposalFactory - Unknown JDT proposal type 'class org.eclipse.jdt.internal.ui.text.javadoc.JavadocLinkTypeCompletionProposal' ('{@link Notation} - org.w3c.dom'). Returning original proposal instead.
2015-06-11 23:14:40,119 [main] WARN  o.e.r.c.r.p.ProcessableProposalFactory - Unknown JDT proposal type 'class org.eclipse.jdt.internal.ui.text.javadoc.JavadocLinkTypeCompletionProposal' ('{@link NonWritableChannelException} - java.nio.channels'). Returning original proposal instead.
2015-06-11 23:14:40,119 [main] WARN  o.e.r.c.r.p.ProcessableProposalFactory - Unknown JDT proposal type 'class org.eclipse.jdt.internal.ui.text.javadoc.JavadocLinkTypeCompletionProposal' ('{@link NoSuchFieldError} - java.lang'). Returning original proposal instead.
2015-06-11 23:14:40,120 [main] WARN  o.e.r.c.r.p.ProcessableProposalFactory - Unknown JDT proposal type 'class org.eclipse.jdt.internal.ui.text.javadoc.JavadocLinkTypeCompletionProposal' ('{@link NameNotFoundException} - javax.naming'). Returning original proposal instead.
2015-06-11 23:14:40,121 [main] WARN  o.e.r.c.r.p.ProcessableProposalFactory - Unknown JDT proposal type 'class org.eclipse.jdt.internal.ui.text.javadoc.JavadocLinkTypeCompletionProposal' ('{@link NON_EXISTENT} - org.omg.PortableInterceptor'). Returning original proposal instead.
2015-06-11 23:14:40,121 [main] WARN  o.e.r.c.r.p.ProcessableProposalFactory - Unknown JDT proposal type 'class org.eclipse.jdt.internal.ui.text.javadoc.JavadocLinkTypeCompletionProposal' ('{@link NamespaceChangeListener} - javax.naming.event'). Returning original proposal instead.
2015-06-11 23:14:40,122 [main] WARN  o.e.r.c.r.p.ProcessableProposalFactory - Unknown JDT proposal type 'class org.eclipse.jdt.internal.ui.text.javadoc.JavadocLinkTypeCompletionProposal' ('{@link NameValuePairSeqHelper} - org.omg.DynamicAny'). Returning original proposal instead.
2015-06-11 23:14:40,123 [main] WARN  o.e.r.c.r.p.ProcessableProposalFactory - Unknown JDT proposal type 'class org.eclipse.jdt.internal.ui.text.javadoc.JavadocLinkTypeCompletionProposal' ('{@link NotSerializableException} - java.io'). Returning original proposal instead.
2015-06-11 23:14:40,123 [main] WARN  o.e.r.c.r.p.ProcessableProposalFactory - Unknown JDT proposal type 'class org.eclipse.jdt.internal.ui.text.javadoc.JavadocLinkTypeCompletionProposal' ('{@link NO_RESPONSE} - org.omg.CORBA'). Returning original proposal instead.
2015-06-11 23:14:40,124 [main] WARN  o.e.r.c.r.p.ProcessableProposalFactory - Unknown JDT proposal type 'class org.eclipse.jdt.internal.ui.text.javadoc.JavadocLinkTypeCompletionProposal' ('{@link NameComponentHolder} - org.omg.CosNaming'). Returning original proposal instead.
2015-06-11 23:14:40,125 [main] WARN  o.e.r.c.r.p.ProcessableProposalFactory - Unknown JDT proposal type 'class org.eclipse.jdt.internal.ui.text.javadoc.JavadocLinkTypeCompletionProposal' ('{@link Name} - javax.xml.soap'). Returning original proposal instead.
2015-06-11 23:14:40,126 [main] WARN  o.e.r.c.r.p.ProcessableProposalFactory - Unknown JDT proposal type 'class org.eclipse.jdt.internal.ui.text.javadoc.JavadocLinkTypeCompletionProposal' ('{@link NotFoundReasonHolder} - org.omg.CosNaming.NamingContextPackage'). Returning original proposal instead.
2015-06-11 23:14:40,128 [main] WARN  o.e.r.c.r.p.ProcessableProposalFactory - Unknown JDT proposal type 'class org.eclipse.jdt.internal.ui.text.javadoc.JavadocLinkTypeCompletionProposal' ('{@link NamingExceptionEvent} - javax.naming.event'). Returning original proposal instead.
2015-06-11 23:14:40,128 [main] WARN  o.e.r.c.r.p.ProcessableProposalFactory - Unknown JDT proposal type 'class org.eclipse.jdt.internal.ui.text.javadoc.JavadocLinkTypeCompletionProposal' ('{@link NameCallback} - javax.security.auth.callback'). Returning original proposal instead.
2015-06-11 23:14:40,129 [main] WARN  o.e.r.c.r.p.ProcessableProposalFactory - Unknown JDT proposal type 'class org.eclipse.jdt.internal.ui.text.javadoc.JavadocLinkTypeCompletionProposal' ('{@link NoType} - javax.lang.model.type'). Returning original proposal instead.
2015-06-11 23:14:40,129 [main] WARN  o.e.r.c.r.p.ProcessableProposalFactory - Unknown JDT proposal type 'class org.eclipse.jdt.internal.ui.text.javadoc.JavadocLinkTypeCompletionProposal' ('{@link NumberOfDocuments} - javax.print.attribute.standard'). Returning original proposal instead.
2015-06-11 23:14:40,130 [main] WARN  o.e.r.c.r.p.ProcessableProposalFactory - Unknown JDT proposal type 'class org.eclipse.jdt.internal.ui.text.javadoc.JavadocLinkTypeCompletionProposal' ('{@link NamingContextHolder} - org.omg.CosNaming'). Returning original proposal instead.
2015-06-11 23:14:40,130 [main] WARN  o.e.r.c.r.p.ProcessableProposalFactory - Unknown JDT proposal type 'class org.eclipse.jdt.internal.ui.text.javadoc.JavadocLinkTypeCompletionProposal' ('{@link NameDynAnyPairHelper} - org.omg.DynamicAny'). Returning original proposal instead.
2015-06-11 23:14:40,131 [main] WARN  o.e.r.c.r.p.ProcessableProposalFactory - Unknown JDT proposal type 'class org.eclipse.jdt.internal.ui.text.javadoc.JavadocLinkTypeCompletionProposal' ('{@link NotificationFilterSupport} - javax.management'). Returning original proposal instead.
2015-06-11 23:14:40,131 [main] WARN  o.e.r.c.r.p.ProcessableProposalFactory - Unknown JDT proposal type 'class org.eclipse.jdt.internal.ui.text.javadoc.JavadocLinkTypeCompletionProposal' ('{@link NoSuchObjectException} - java.rmi'). Returning original proposal instead.
2015-06-11 23:14:40,132 [main] WARN  o.e.r.c.r.p.ProcessableProposalFactory - Unknown JDT proposal type 'class org.eclipse.jdt.internal.ui.text.javadoc.JavadocLinkTypeCompletionProposal' ('{@link NoRouteToHostException} - java.net'). Returning original proposal instead.
2015-06-11 23:14:40,133 [main] WARN  o.e.r.c.r.p.ProcessableProposalFactory - Unknown JDT proposal type 'class org.eclipse.jdt.internal.ui.text.javadoc.JavadocLinkTypeCompletionProposal' ('{@link NamingContextOperations} - org.omg.CosNaming'). Returning original proposal instead.
2015-06-11 23:14:40,133 [main] WARN  o.e.r.c.r.p.ProcessableProposalFactory - Unknown JDT proposal type 'class org.eclipse.jdt.internal.ui.text.javadoc.JavadocLinkTypeCompletionProposal' ('{@link NotYetConnectedException} - java.nio.channels'). Returning original proposal instead.
2015-06-11 23:14:40,135 [main] WARN  o.e.r.c.r.p.ProcessableProposalFactory - Unknown JDT proposal type 'class org.eclipse.jdt.internal.ui.text.javadoc.JavadocLinkTypeCompletionProposal' ('{@link NotFoundReason} - org.omg.CosNaming.NamingContextPackage'). Returning original proposal instead.
2015-06-11 23:14:40,136 [main] WARN  o.e.r.c.r.p.ProcessableProposalFactory - Unknown JDT proposal type 'class org.eclipse.jdt.internal.ui.text.javadoc.JavadocLinkTypeCompletionProposal' ('{@link NotEmptyHelper} - org.omg.CosNaming.NamingContextPackage'). Returning original proposal instead.
2015-06-11 23:14:40,137 [main] WARN  o.e.r.c.r.p.ProcessableProposalFactory - Unknown JDT proposal type 'class org.eclipse.jdt.internal.ui.text.javadoc.JavadocLinkTypeCompletionProposal' ('{@link NavigationFilter} - javax.swing.text'). Returning original proposal instead.
2015-06-11 23:14:40,138 [main] WARN  o.e.r.c.r.p.ProcessableProposalFactory - Unknown JDT proposal type 'class org.eclipse.jdt.internal.ui.text.javadoc.JavadocLinkTypeCompletionProposal' ('{@link Name} - javax.naming'). Returning original proposal instead.
2015-06-11 23:14:40,138 [main] WARN  o.e.r.c.r.p.ProcessableProposalFactory - Unknown JDT proposal type 'class org.eclipse.jdt.internal.ui.text.javadoc.JavadocLinkTypeCompletionProposal' ('{@link NameValuePairHelper} - org.omg.CORBA'). Returning original proposal instead.
2015-06-11 23:14:40,139 [main] WARN  o.e.r.c.r.p.ProcessableProposalFactory - Unknown JDT proposal type 'class org.eclipse.jdt.internal.ui.text.javadoc.JavadocLinkTypeCompletionProposal' ('{@link NotContextException} - javax.naming'). Returning original proposal instead.
2015-06-11 23:14:40,140 [main] WARN  o.e.r.c.r.p.ProcessableProposalFactory - Unknown JDT proposal type 'class org.eclipse.jdt.internal.ui.text.javadoc.JavadocLinkTypeCompletionProposal' ('{@link NetPermission} - java.net'). Returning original proposal instead.
2015-06-11 23:14:40,140 [main] WARN  o.e.r.c.r.p.ProcessableProposalFactory - Unknown JDT proposal type 'class org.eclipse.jdt.internal.ui.text.javadoc.JavadocLinkTypeCompletionProposal' ('{@link NamingListener} - javax.naming.event'). Returning original proposal instead.
2015-06-11 23:14:40,141 [main] WARN  o.e.r.c.r.p.ProcessableProposalFactory - Unknown JDT proposal type 'class org.eclipse.jdt.internal.ui.text.javadoc.JavadocLinkTypeCompletionProposal' ('{@link NotificationFilter} - javax.management'). Returning original proposal instead.
2015-06-11 23:14:40,141 [main] WARN  o.e.r.c.r.p.ProcessableProposalFactory - Unknown JDT proposal type 'class org.eclipse.jdt.internal.ui.text.javadoc.JavadocLinkTypeCompletionProposal' ('{@link NoContext} - org.omg.PortableServer.CurrentPackage'). Returning original proposal instead.
2015-06-11 23:14:40,142 [main] WARN  o.e.r.c.r.p.ProcessableProposalFactory - Unknown JDT proposal type 'class org.eclipse.jdt.internal.ui.text.javadoc.JavadocLinkTypeCompletionProposal' ('{@link NameDynAnyPair} - org.omg.DynamicAny'). Returning original proposal instead.
2015-06-11 23:14:40,155 [main] WARN  o.e.r.c.r.p.ProcessableProposalFactory - Unknown JDT proposal type 'class org.eclipse.jdt.internal.ui.text.javadoc.JavadocLinkTypeCompletionProposal' ('{@link NoSuchFileException} - java.nio.file'). Returning original proposal instead.
2015-06-11 23:14:40,156 [main] WARN  o.e.r.c.r.p.ProcessableProposalFactory - Unknown JDT proposal type 'class org.eclipse.jdt.internal.ui.text.javadoc.JavadocLinkTypeCompletionProposal' ('{@link NumericShaper} - java.awt.font'). Returning original proposal instead.
2015-06-11 23:14:40,156 [main] WARN  o.e.r.c.r.p.ProcessableProposalFactory - Unknown JDT proposal type 'class org.eclipse.jdt.internal.ui.text.javadoc.JavadocLinkTypeCompletionProposal' ('{@link NamespaceSupport} - org.xml.sax.helpers'). Returning original proposal instead.
2015-06-11 23:14:40,157 [main] WARN  o.e.r.c.r.p.ProcessableProposalFactory - Unknown JDT proposal type 'class org.eclipse.jdt.internal.ui.text.javadoc.JavadocLinkTypeCompletionProposal' ('{@link NoInitialContextException} - javax.naming'). Returning original proposal instead.
2015-06-11 23:14:40,158 [main] WARN  o.e.r.c.r.p.ProcessableProposalFactory - Unknown JDT proposal type 'class org.eclipse.jdt.internal.ui.text.javadoc.JavadocLinkTypeCompletionProposal' ('{@link NotificationListener} - javax.management'). Returning original proposal instead.
2015-06-11 23:14:40,158 [main] WARN  o.e.r.c.r.p.ProcessableProposalFactory - Unknown JDT proposal type 'class org.eclipse.jdt.internal.ui.text.javadoc.JavadocLinkTypeCompletionProposal' ('{@link NameList} - org.w3c.dom'). Returning original proposal instead.
2015-06-11 23:14:40,159 [main] WARN  o.e.r.c.r.p.ProcessableProposalFactory - Unknown JDT proposal type 'class org.eclipse.jdt.internal.ui.text.javadoc.JavadocLinkTypeCompletionProposal' ('{@link NotActiveException} - java.io'). Returning original proposal instead.
2015-06-11 23:14:40,160 [main] WARN  o.e.r.c.r.p.ProcessableProposalFactory - Unknown JDT proposal type 'class org.eclipse.jdt.internal.ui.text.javadoc.JavadocLinkTypeCompletionProposal' ('{@link NamingContext} - org.omg.CosNaming'). Returning original proposal instead.
2015-06-11 23:14:40,160 [main] WARN  o.e.r.c.r.p.ProcessableProposalFactory - Unknown JDT proposal type 'class org.eclipse.jdt.internal.ui.text.javadoc.JavadocLinkTypeCompletionProposal' ('{@link NetworkInterface} - java.net'). Returning original proposal instead.
2015-06-11 23:14:40,161 [main] WARN  o.e.r.c.r.p.ProcessableProposalFactory - Unknown JDT proposal type 'class org.eclipse.jdt.internal.ui.text.javadoc.JavadocLinkTypeCompletionProposal' ('{@link NamingSecurityException} - javax.naming'). Returning original proposal instead.
2015-06-11 23:14:40,162 [main] WARN  o.e.r.c.r.p.ProcessableProposalFactory - Unknown JDT proposal type 'class org.eclipse.jdt.internal.ui.text.javadoc.JavadocLinkTypeCompletionProposal' ('{@link NoSuchAlgorithmException} - java.security'). Returning original proposal instead.
2015-06-11 23:14:40,162 [main] WARN  o.e.r.c.r.p.ProcessableProposalFactory - Unknown JDT proposal type 'class org.eclipse.jdt.internal.ui.text.javadoc.JavadocLinkTypeCompletionProposal' ('{@link NameAlreadyBoundException} - javax.naming'). Returning original proposal instead.
2015-06-11 23:14:40,163 [main] WARN  o.e.r.c.r.p.ProcessableProposalFactory - Unknown JDT proposal type 'class org.eclipse.jdt.internal.ui.text.javadoc.JavadocLinkTypeCompletionProposal' ('{@link NamingContextPOA} - org.omg.CosNaming'). Returning original proposal instead.
2015-06-11 23:14:40,163 [main] WARN  o.e.r.c.r.p.ProcessableProposalFactory - Unknown JDT proposal type 'class org.eclipse.jdt.internal.ui.text.javadoc.JavadocLinkTypeCompletionProposal' ('{@link NullCipher} - javax.crypto'). Returning original proposal instead.
2015-06-11 23:14:40,164 [main] WARN  o.e.r.c.r.p.ProcessableProposalFactory - Unknown JDT proposal type 'class org.eclipse.jdt.internal.ui.text.javadoc.JavadocLinkTypeCompletionProposal' ('{@link NoSuchElementException} - java.util'). Returning original proposal instead.
2015-06-11 23:14:40,164 [main] WARN  o.e.r.c.r.p.ProcessableProposalFactory - Unknown JDT proposal type 'class org.eclipse.jdt.internal.ui.text.javadoc.JavadocLinkTypeCompletionProposal' ('{@link Notification} - javax.management'). Returning original proposal instead.
2015-06-11 23:14:40,165 [main] WARN  o.e.r.c.r.p.ProcessableProposalFactory - Unknown JDT proposal type 'class org.eclipse.jdt.internal.ui.text.javadoc.JavadocLinkTypeCompletionProposal' ('{@link NamedStyle} - javax.swing.text.StyleContext'). Returning original proposal instead.
2015-06-11 23:14:40,165 [main] WARN  o.e.r.c.r.p.ProcessableProposalFactory - Unknown JDT proposal type 'class org.eclipse.jdt.internal.ui.text.javadoc.JavadocLinkTypeCompletionProposal' ('{@link NamedValue} - org.omg.CORBA'). Returning original proposal instead.
2015-06-11 23:14:40,165 [main] WARN  o.e.r.c.r.p.ProcessableProposalFactory - Unknown JDT proposal type 'class org.eclipse.jdt.internal.ui.text.javadoc.JavadocLinkTypeCompletionProposal' ('{@link NimbusStyle} - javax.swing.plaf.nimbus'). Returning original proposal instead.
2015-06-11 23:14:40,167 [main] WARN  o.e.r.c.r.p.ProcessableProposalFactory - Unknown JDT proposal type 'class org.eclipse.jdt.internal.ui.text.javadoc.JavadocLinkTypeCompletionProposal' ('{@link NodeList} - org.w3c.dom'). Returning original proposal instead.
2015-06-11 23:14:40,167 [main] WARN  o.e.r.c.r.p.ProcessableProposalFactory - Unknown JDT proposal type 'class org.eclipse.jdt.internal.ui.text.javadoc.JavadocLinkTypeCompletionProposal' ('{@link Node} - org.w3c.dom'). Returning original proposal instead.
2015-06-11 23:14:40,168 [main] WARN  o.e.r.c.r.p.ProcessableProposalFactory - Unknown JDT proposal type 'class org.eclipse.jdt.internal.ui.text.javadoc.JavadocLinkTypeCompletionProposal' ('{@link NoServantHelper} - org.omg.PortableServer.POAPackage'). Returning original proposal instead.
2015-06-11 23:14:40,168 [main] WARN  o.e.r.c.r.p.ProcessableProposalFactory - Unknown JDT proposal type 'class org.eclipse.jdt.internal.ui.text.javadoc.JavadocLinkTypeCompletionProposal' ('{@link NodeDimensions} - javax.swing.tree.AbstractLayoutCache'). Returning original proposal instead.
2015-06-11 23:14:40,169 [main] WARN  o.e.r.c.r.p.ProcessableProposalFactory - Unknown JDT proposal type 'class org.eclipse.jdt.internal.ui.text.javadoc.JavadocLinkTypeCompletionProposal' ('{@link NodeIterator} - org.w3c.dom.traversal'). Returning original proposal instead.
2015-06-11 23:14:40,169 [main] WARN  o.e.r.c.r.p.ProcessableProposalFactory - Unknown JDT proposal type 'class org.eclipse.jdt.internal.ui.text.javadoc.JavadocLinkTypeCompletionProposal' ('{@link NamingEvent} - javax.naming.event'). Returning original proposal instead.
2015-06-11 23:14:40,170 [main] WARN  o.e.r.c.r.p.ProcessableProposalFactory - Unknown JDT proposal type 'class org.eclipse.jdt.internal.ui.text.javadoc.JavadocLinkTypeCompletionProposal' ('{@link Normalizer} - java.text'). Returning original proposal instead.
2015-06-11 23:14:40,170 [main] WARN  o.e.r.c.r.p.ProcessableProposalFactory - Unknown JDT proposal type 'class org.eclipse.jdt.internal.ui.text.javadoc.JavadocLinkTypeCompletionProposal' ('{@link NamingContextExtOperations} - org.omg.CosNaming'). Returning original proposal instead.
2015-06-11 23:14:40,171 [main] WARN  o.e.r.c.r.p.ProcessableProposalFactory - Unknown JDT proposal type 'class org.eclipse.jdt.internal.ui.text.javadoc.JavadocLinkTypeCompletionProposal' ('{@link NumberOfInterveningJobs} - javax.print.attribute.standard'). Returning original proposal instead.
2015-06-11 23:14:40,171 [main] WARN  o.e.r.c.r.p.ProcessableProposalFactory - Unknown JDT proposal type 'class org.eclipse.jdt.internal.ui.text.javadoc.JavadocLinkTypeCompletionProposal' ('{@link Namespace} - javax.xml.stream.events'). Returning original proposal instead.
2015-06-11 23:14:40,172 [main] WARN  o.e.r.c.r.p.ProcessableProposalFactory - Unknown JDT proposal type 'class org.eclipse.jdt.internal.ui.text.javadoc.JavadocLinkTypeCompletionProposal' ('{@link NumberFormat} - java.text'). Returning original proposal instead.
2015-06-11 23:14:40,172 [main] WARN  o.e.r.c.r.p.ProcessableProposalFactory - Unknown JDT proposal type 'class org.eclipse.jdt.internal.ui.text.javadoc.JavadocLinkTypeCompletionProposal' ('{@link NameParser} - javax.naming'). Returning original proposal instead.
2015-06-11 23:14:40,173 [main] WARN  o.e.r.c.r.p.ProcessableProposalFactory - Unknown JDT proposal type 'class org.eclipse.jdt.internal.ui.text.javadoc.JavadocLinkTypeCompletionProposal' ('{@link NamingContextExt} - org.omg.CosNaming'). Returning original proposal instead.
2015-06-11 23:14:40,173 [main] WARN  o.e.r.c.r.p.ProcessableProposalFactory - Unknown JDT proposal type 'class org.eclipse.jdt.internal.ui.text.javadoc.JavadocLinkTypeCompletionProposal' ('{@link NoPermissionException} - javax.naming'). Returning original proposal instead.
2015-06-11 23:14:40,174 [main] WARN  o.e.r.c.r.p.ProcessableProposalFactory - Unknown JDT proposal type 'class org.eclipse.jdt.internal.ui.text.javadoc.JavadocLinkTypeCompletionProposal' ('{@link Node} - javax.xml.soap'). Returning original proposal instead.
2015-06-11 23:14:40,174 [main] WARN  o.e.r.c.r.p.ProcessableProposalFactory - Unknown JDT proposal type 'class org.eclipse.jdt.internal.ui.text.javadoc.JavadocLinkTypeCompletionProposal' ('{@link NotIdentifiableEventImpl} - javax.xml.bind.helpers'). Returning original proposal instead.
2015-06-11 23:14:40,175 [main] WARN  o.e.r.c.r.p.ProcessableProposalFactory - Unknown JDT proposal type 'class org.eclipse.jdt.internal.ui.text.javadoc.JavadocLinkTypeCompletionProposal' ('{@link NotIdentifiableEvent} - javax.xml.bind'). Returning original proposal instead.
2015-06-11 23:14:40,175 [main] WARN  o.e.r.c.r.p.ProcessableProposalFactory - Unknown JDT proposal type 'class org.eclipse.jdt.internal.ui.text.javadoc.JavadocLinkTypeCompletionProposal' ('{@link NoSuchMethodException} - java.lang'). Returning original proposal instead.
2015-06-11 23:14:40,176 [main] WARN  o.e.r.c.r.p.ProcessableProposalFactory - Unknown JDT proposal type 'class org.eclipse.jdt.internal.ui.text.javadoc.JavadocLinkTypeCompletionProposal' ('{@link NodeFilter} - org.w3c.dom.traversal'). Returning original proposal instead.
2015-06-11 23:14:40,176 [main] WARN  o.e.r.c.r.p.ProcessableProposalFactory - Unknown JDT proposal type 'class org.eclipse.jdt.internal.ui.text.javadoc.JavadocLinkTypeCompletionProposal' ('{@link NotificationBroadcasterSupport} - javax.management'). Returning original proposal instead.
2015-06-11 23:14:40,177 [main] WARN  o.e.r.c.r.p.ProcessableProposalFactory - Unknown JDT proposal type 'class org.eclipse.jdt.internal.ui.text.javadoc.JavadocLinkTypeCompletionProposal' ('{@link NoConnectionPendingException} - java.nio.channels'). Returning original proposal instead.
2015-06-11 23:14:40,177 [main] WARN  o.e.r.c.r.p.ProcessableProposalFactory - Unknown JDT proposal type 'class org.eclipse.jdt.internal.ui.text.javadoc.JavadocLinkTypeCompletionProposal' ('{@link NamingContextExtHelper} - org.omg.CosNaming'). Returning original proposal instead.
2015-06-11 23:14:40,178 [main] WARN  o.e.r.c.r.p.ProcessableProposalFactory - Unknown JDT proposal type 'class org.eclipse.jdt.internal.ui.text.javadoc.JavadocLinkTypeCompletionProposal' ('{@link Number} - java.lang'). Returning original proposal instead.
2015-06-11 23:14:40,179 [main] WARN  o.e.r.c.r.p.ProcessableProposalFactory - Unknown JDT proposal type 'class org.eclipse.jdt.internal.ui.text.javadoc.JavadocLinkTypeCompletionProposal' ('{@link NavigableMap} - java.util'). Returning original proposal instead.
2015-06-11 23:14:40,180 [main] WARN  o.e.r.c.r.p.ProcessableProposalFactory - Unknown JDT proposal type 'class org.eclipse.jdt.internal.ui.text.javadoc.JavadocLinkTypeCompletionProposal' ('{@link NotDirectoryException} - java.nio.file'). Returning original proposal instead.
2015-06-11 23:14:40,180 [main] WARN  o.e.r.c.r.p.ProcessableProposalFactory - Unknown JDT proposal type 'class org.eclipse.jdt.internal.ui.text.javadoc.JavadocLinkTypeCompletionProposal' ('{@link NumberUpSupported} - javax.print.attribute.standard'). Returning original proposal instead.
2015-06-11 23:14:40,181 [main] WARN  o.e.r.c.r.p.ProcessableProposalFactory - Unknown JDT proposal type 'class org.eclipse.jdt.internal.ui.text.javadoc.JavadocLinkTypeCompletionProposal' ('{@link NotYetBoundException} - java.nio.channels'). Returning original proposal instead.
2015-06-11 23:14:40,182 [main] WARN  o.e.r.c.r.p.ProcessableProposalFactory - Unknown JDT proposal type 'class org.eclipse.jdt.internal.ui.text.javadoc.JavadocLinkTypeCompletionProposal' ('{@link NotationDeclaration} - javax.xml.stream.events'). Returning original proposal instead.
2015-06-11 23:14:40,182 [main] WARN  o.e.r.c.r.p.ProcessableProposalFactory - Unknown JDT proposal type 'class org.eclipse.jdt.internal.ui.text.javadoc.JavadocLinkTypeCompletionProposal' ('{@link NoSuchAttributeException} - javax.naming.directory'). Returning original proposal instead.
2015-06-11 23:14:40,183 [main] WARN  o.e.r.c.r.p.ProcessableProposalFactory - Unknown JDT proposal type 'class org.eclipse.jdt.internal.ui.text.javadoc.JavadocLinkTypeCompletionProposal' ('{@link NA} - javax.print.attribute.standard.MediaSize'). Returning original proposal instead.
2015-06-11 23:14:40,184 [main] WARN  o.e.r.c.r.p.ProcessableProposalFactory - Unknown JDT proposal type 'class org.eclipse.jdt.internal.ui.text.javadoc.JavadocLinkTypeCompletionProposal' ('{@link NoSuchPaddingException} - javax.crypto'). Returning original proposal instead.
2015-06-11 23:14:40,185 [main] WARN  o.e.r.c.r.p.ProcessableProposalFactory - Unknown JDT proposal type 'class org.eclipse.jdt.internal.ui.text.javadoc.JavadocLinkTypeCompletionProposal' ('{@link NodeChangeListener} - java.util.prefs'). Returning original proposal instead.
2015-06-11 23:14:40,185 [main] WARN  o.e.r.c.r.p.ProcessableProposalFactory - Unknown JDT proposal type 'class org.eclipse.jdt.internal.ui.text.javadoc.JavadocLinkTypeCompletionProposal' ('{@link NameValuePairHelper} - org.omg.DynamicAny'). Returning original proposal instead.
2015-06-11 23:14:40,186 [main] WARN  o.e.r.c.r.p.ProcessableProposalFactory - Unknown JDT proposal type 'class org.eclipse.jdt.internal.ui.text.javadoc.JavadocLinkTypeCompletionProposal' ('{@link Native} - java.lang.annotation'). Returning original proposal instead.
2015-06-11 23:14:40,187 [main] WARN  o.e.r.c.r.p.ProcessableProposalFactory - Unknown JDT proposal type 'class org.eclipse.jdt.internal.ui.text.javadoc.JavadocLinkTypeCompletionProposal' ('{@link NotFoundReasonHelper} - org.omg.CosNaming.NamingContextPackage'). Returning original proposal instead.
2015-06-11 23:14:40,187 [main] WARN  o.e.r.c.r.p.ProcessableProposalFactory - Unknown JDT proposal type 'class org.eclipse.jdt.internal.ui.text.javadoc.JavadocLinkTypeCompletionProposal' ('{@link NO_MEMORY} - org.omg.CORBA'). Returning original proposal instead.
2015-06-11 23:14:40,188 [main] WARN  o.e.r.c.r.p.ProcessableProposalFactory - Unknown JDT proposal type 'class org.eclipse.jdt.internal.ui.text.javadoc.JavadocLinkTypeCompletionProposal' ('{@link NoContextHelper} - org.omg.PortableServer.CurrentPackage'). Returning original proposal instead.
2015-06-11 23:14:40,189 [main] WARN  o.e.r.c.r.p.ProcessableProposalFactory - Unknown JDT proposal type 'class org.eclipse.jdt.internal.ui.text.javadoc.JavadocLinkTypeCompletionProposal' ('{@link NotOwnerException} - java.security.acl'). Returning original proposal instead.
2015-06-11 23:14:40,189 [main] WARN  o.e.r.c.r.p.ProcessableProposalFactory - Unknown JDT proposal type 'class org.eclipse.jdt.internal.ui.text.javadoc.JavadocLinkTypeCompletionProposal' ('{@link NegativeArraySizeException} - java.lang'). Returning original proposal instead.
2015-06-11 23:14:40,190 [main] WARN  o.e.r.c.r.p.ProcessableProposalFactory - Unknown JDT proposal type 'class org.eclipse.jdt.internal.ui.text.javadoc.JavadocLinkTypeCompletionProposal' ('{@link NotFoundHelper} - org.omg.CosNaming.NamingContextPackage'). Returning original proposal instead.
2015-06-11 23:14:40,190 [main] WARN  o.e.r.c.r.p.ProcessableProposalFactory - Unknown JDT proposal type 'class org.eclipse.jdt.internal.ui.text.javadoc.JavadocLinkTypeCompletionProposal' ('{@link NotFound} - org.omg.CosNaming.NamingContextPackage'). Returning original proposal instead.
2015-06-11 23:14:40,191 [main] WARN  o.e.r.c.r.p.ProcessableProposalFactory - Unknown JDT proposal type 'class org.eclipse.jdt.internal.ui.text.javadoc.JavadocLinkTypeCompletionProposal' ('{@link NamingException} - javax.naming'). Returning original proposal instead.
2015-06-11 23:14:40,192 [main] WARN  o.e.r.c.r.p.ProcessableProposalFactory - Unknown JDT proposal type 'class org.eclipse.jdt.internal.ui.text.javadoc.JavadocLinkTypeCompletionProposal' ('{@link NodeSetData} - javax.xml.crypto'). Returning original proposal instead.
2015-06-11 23:14:40,192 [main] WARN  o.e.r.c.r.p.ProcessableProposalFactory - Unknown JDT proposal type 'class org.eclipse.jdt.internal.ui.text.javadoc.JavadocLinkTypeCompletionProposal' ('{@link NoSuchMechanismException} - javax.xml.crypto'). Returning original proposal instead.
2015-06-11 23:14:40,193 [main] WARN  o.e.r.c.r.p.ProcessableProposalFactory - Unknown JDT proposal type 'class org.eclipse.jdt.internal.ui.text.javadoc.JavadocLinkTypeCompletionProposal' ('{@link NoServant} - org.omg.PortableServer.POAPackage'). Returning original proposal instead.
2015-06-11 23:14:40,193 [main] WARN  o.e.r.c.r.p.ProcessableProposalFactory - Unknown JDT proposal type 'class org.eclipse.jdt.internal.ui.text.javadoc.JavadocLinkTypeCompletionProposal' ('{@link NotEmptyHolder} - org.omg.CosNaming.NamingContextPackage'). Returning original proposal instead.
2015-06-11 23:14:40,194 [main] WARN  o.e.r.c.r.p.ProcessableProposalFactory - Unknown JDT proposal type 'class org.eclipse.jdt.internal.ui.text.javadoc.JavadocLinkTypeCompletionProposal' ('{@link NamingContextHelper} - org.omg.CosNaming'). Returning original proposal instead.
2015-06-11 23:14:40,194 [main] WARN  o.e.r.c.r.p.ProcessableProposalFactory - Unknown JDT proposal type 'class org.eclipse.jdt.internal.ui.text.javadoc.JavadocLinkTypeCompletionProposal' ('{@link Naming} - java.rmi'). Returning original proposal instead.
2015-06-11 23:14:40,195 [main] WARN  o.e.r.c.r.p.ProcessableProposalFactory - Unknown JDT proposal type 'class org.eclipse.jdt.internal.ui.text.javadoc.JavadocLinkTypeCompletionProposal' ('{@link NameHelper} - org.omg.CosNaming'). Returning original proposal instead.
2015-06-11 23:14:40,195 [main] WARN  o.e.r.c.r.p.ProcessableProposalFactory - Unknown JDT proposal type 'class org.eclipse.jdt.internal.ui.text.javadoc.JavadocLinkTypeCompletionProposal' ('{@link NamingContextExtHolder} - org.omg.CosNaming'). Returning original proposal instead.
2015-06-11 23:14:40,196 [main] WARN  o.e.r.c.r.p.ProcessableProposalFactory - Unknown JDT proposal type 'class org.eclipse.jdt.internal.ui.text.javadoc.JavadocLinkTypeCompletionProposal' ('{@link NavigableSet} - java.util'). Returning original proposal instead.
2015-06-11 23:14:40,197 [main] WARN  o.e.r.c.r.p.ProcessableProposalFactory - Unknown JDT proposal type 'class org.eclipse.jdt.internal.ui.text.javadoc.JavadocLinkTypeCompletionProposal' ('{@link NumberUp} - javax.print.attribute.standard'). Returning original proposal instead.
2015-06-11 23:14:40,197 [main] WARN  o.e.r.c.r.p.ProcessableProposalFactory - Unknown JDT proposal type 'class org.eclipse.jdt.internal.ui.text.javadoc.JavadocLinkTypeCompletionProposal' ('{@link NameValuePair} - org.omg.CORBA'). Returning original proposal instead.
2015-06-11 23:14:40,198 [main] WARN  o.e.r.c.r.p.ProcessableProposalFactory - Unknown JDT proposal type 'class org.eclipse.jdt.internal.ui.text.javadoc.JavadocLinkTypeCompletionProposal' ('{@link NoClassDefFoundError} - java.lang'). Returning original proposal instead.
2015-06-11 23:14:40,198 [main] WARN  o.e.r.c.r.p.ProcessableProposalFactory - Unknown JDT proposal type 'class org.eclipse.jdt.internal.ui.text.javadoc.JavadocLinkTypeCompletionProposal' ('{@link NoSuchMethodError} - java.lang'). Returning original proposal instead.
2015-06-11 23:14:40,199 [main] WARN  o.e.r.c.r.p.ProcessableProposalFactory - Unknown JDT proposal type 'class org.eclipse.jdt.internal.ui.text.javadoc.JavadocLinkTypeCompletionProposal' ('{@link NotCompliantMBeanException} - javax.management'). Returning original proposal instead.
2015-06-11 23:14:40,199 [main] WARN  o.e.r.c.r.p.ProcessableProposalFactory - Unknown JDT proposal type 'class org.eclipse.jdt.internal.ui.text.javadoc.JavadocLinkTypeCompletionProposal' ('{@link NumberEditor} - javax.swing.JSpinner'). Returning original proposal instead.
2015-06-11 23:14:40,200 [main] WARN  o.e.r.c.r.p.ProcessableProposalFactory - Unknown JDT proposal type 'class org.eclipse.jdt.internal.ui.text.javadoc.JavadocLinkTypeCompletionProposal' ('{@link NamingContextExtPOA} - org.omg.CosNaming'). Returning original proposal instead.
2015-06-11 23:14:40,200 [main] WARN  o.e.r.c.r.p.ProcessableProposalFactory - Unknown JDT proposal type 'class org.eclipse.jdt.internal.ui.text.javadoc.JavadocLinkTypeCompletionProposal' ('{@link NodeDimensionsHandler} - javax.swing.plaf.basic.BasicTreeUI'). Returning original proposal instead.
2015-06-11 23:14:40,201 [main] WARN  o.e.r.c.r.p.ProcessableProposalFactory - Unknown JDT proposal type 'class org.eclipse.jdt.internal.ui.text.javadoc.JavadocLinkTypeCompletionProposal' ('{@link NameComponent} - org.omg.CosNaming'). Returning original proposal instead.
2015-06-11 23:14:40,201 [main] WARN  o.e.r.c.r.p.ProcessableProposalFactory - Unknown JDT proposal type 'class org.eclipse.jdt.internal.ui.text.javadoc.JavadocLinkTypeCompletionProposal' ('{@link NormalizedStringAdapter} - javax.xml.bind.annotation.adapters'). Returning original proposal instead.
2015-06-11 23:14:40,201 [main] WARN  o.e.r.c.r.p.ProcessableProposalFactory - Unknown JDT proposal type 'class org.eclipse.jdt.internal.ui.text.javadoc.JavadocLinkTypeCompletionProposal' ('{@link NameDynAnyPairSeqHelper} - org.omg.DynamicAny'). Returning original proposal instead.
2015-06-11 23:14:40,202 [main] WARN  o.e.r.c.r.p.ProcessableProposalFactory - Unknown JDT proposal type 'class org.eclipse.jdt.internal.ui.text.javadoc.JavadocLinkTypeCompletionProposal' ('{@link NameClassPair} - javax.naming'). Returning original proposal instead.
2015-06-11 23:14:40,202 [main] WARN  o.e.r.c.r.p.ProcessableProposalFactory - Unknown JDT proposal type 'class org.eclipse.jdt.internal.ui.text.javadoc.JavadocLinkTypeCompletionProposal' ('{@link NO_PERMISSION} - org.omg.CORBA'). Returning original proposal instead.
2015-06-11 23:14:40,203 [main] WARN  o.e.r.c.r.p.ProcessableProposalFactory - Unknown JDT proposal type 'class org.eclipse.jdt.internal.ui.text.javadoc.JavadocLinkTypeCompletionProposal' ('{@link NimbusLookAndFeel} - javax.swing.plaf.nimbus'). Returning original proposal instead.
2015-06-11 23:14:40,203 [main] WARN  o.e.r.c.r.p.ProcessableProposalFactory - Unknown JDT proposal type 'class org.eclipse.jdt.internal.ui.text.javadoc.JavadocLinkTypeCompletionProposal' ('{@link NonReadableChannelException} - java.nio.channels'). Returning original proposal instead.
2015-06-11 23:14:40,204 [main] WARN  o.e.r.c.r.p.ProcessableProposalFactory - Unknown JDT proposal type 'class org.eclipse.jdt.internal.ui.text.javadoc.JavadocLinkTypeCompletionProposal' ('{@link NameComponentHelper} - org.omg.CosNaming'). Returning original proposal instead.
2015-06-11 23:14:40,204 [main] WARN  o.e.r.c.r.p.ProcessableProposalFactory - Unknown JDT proposal type 'class org.eclipse.jdt.internal.ui.text.javadoc.JavadocLinkTypeCompletionProposal' ('{@link NetworkChannel} - java.nio.channels'). Returning original proposal instead.
2015-06-11 23:14:40,205 [main] WARN  o.e.r.c.r.p.ProcessableProposalFactory - Unknown JDT proposal type 'class org.eclipse.jdt.internal.ui.text.javadoc.JavadocLinkTypeCompletionProposal' ('{@link NoninvertibleTransformException} - java.awt.geom'). Returning original proposal instead.
2015-06-11 23:14:40,206 [main] WARN  o.e.r.c.r.p.ProcessableProposalFactory - Unknown JDT proposal type 'class org.eclipse.jdt.internal.ui.text.javadoc.JavadocLinkTypeCompletionProposal' ('{@link NumberFormatException} - java.lang'). Returning original proposal instead.
2015-06-11 23:14:40,206 [main] WARN  o.e.r.c.r.p.ProcessableProposalFactory - Unknown JDT proposal type 'class org.eclipse.jdt.internal.ui.text.javadoc.JavadocLinkTypeCompletionProposal' ('{@link NamespaceContext} - javax.xml.namespace'). Returning original proposal instead.
2015-06-11 23:14:40,206 [main] WARN  o.e.r.c.r.p.ProcessableProposalFactory - Unknown JDT proposal type 'class org.eclipse.jdt.internal.ui.text.javadoc.JavadocLinkTypeCompletionProposal' ('{@link NoSuchProviderException} - java.security'). Returning original proposal instead.
2015-06-11 23:14:40,207 [main] WARN  o.e.r.c.r.p.ProcessableProposalFactory - Unknown JDT proposal type 'class org.eclipse.jdt.internal.ui.text.javadoc.JavadocLinkTypeCompletionProposal' ('{@link NameHolder} - org.omg.CosNaming'). Returning original proposal instead.
2015-06-11 23:14:40,207 [main] WARN  o.e.r.c.r.p.ProcessableProposalFactory - Unknown JDT proposal type 'class org.eclipse.jdt.internal.ui.text.javadoc.JavadocLinkTypeCompletionProposal' ('{@link NumberFormatter} - javax.swing.text'). Returning original proposal instead.
2015-06-11 23:14:40,207 [main] WARN  o.e.r.c.r.p.ProcessableProposalFactory - Unknown JDT proposal type 'class org.eclipse.jdt.internal.ui.text.javadoc.JavadocLinkTypeCompletionProposal' ('{@link NO_IMPLEMENT} - org.omg.CORBA'). Returning original proposal instead.
2015-06-11 23:14:40,208 [main] WARN  o.e.r.c.r.p.ProcessableProposalFactory - Unknown JDT proposal type 'class org.eclipse.jdt.internal.ui.text.javadoc.JavadocLinkTypeCompletionProposal' ('{@link NotificationResult} - javax.management.remote'). Returning original proposal instead.
2015-06-11 23:14:40,208 [main] WARN  o.e.r.c.r.p.ProcessableProposalFactory - Unknown JDT proposal type 'class org.eclipse.jdt.internal.ui.text.javadoc.JavadocLinkTypeCompletionProposal' ('{@link NodeChangeEvent} - java.util.prefs'). Returning original proposal instead.
2015-06-11 23:14:40,208 [main] WARN  o.e.r.c.r.p.ProcessableProposalFactory - Unknown JDT proposal type 'class org.eclipse.jdt.internal.ui.text.javadoc.JavadocLinkTypeCompletionProposal' ('{@link NamedNodeMap} - org.w3c.dom'). Returning original proposal instead.
2015-06-11 23:14:40,209 [main] WARN  o.e.r.c.r.p.ProcessableProposalFactory - Unknown JDT proposal type 'class org.eclipse.jdt.internal.ui.text.javadoc.JavadocLinkTypeCompletionProposal' ('{@link NotLinkException} - java.nio.file'). Returning original proposal instead.
2015-06-11 23:14:40,209 [main] WARN  o.e.r.c.r.p.ProcessableProposalFactory - Unknown JDT proposal type 'class org.eclipse.jdt.internal.ui.text.javadoc.JavadocLinkTypeCompletionProposal' ('{@link NamingEnumeration} - javax.naming'). Returning original proposal instead.
2015-06-11 23:14:40,209 [main] WARN  o.e.r.c.r.p.ProcessableProposalFactory - Unknown JDT proposal type 'class org.eclipse.jdt.internal.ui.text.javadoc.JavadocLinkTypeCompletionProposal' ('{@link NotFoundHolder} - org.omg.CosNaming.NamingContextPackage'). Returning original proposal instead.
2015-06-11 23:14:40,210 [main] WARN  o.e.r.c.r.p.ProcessableProposalFactory - Unknown JDT proposal type 'class org.eclipse.jdt.internal.ui.text.javadoc.JavadocLinkTypeCompletionProposal' ('{@link Name} - javax.lang.model.element'). Returning original proposal instead.
2015-06-11 23:14:40,210 [main] WARN  o.e.r.c.r.p.ProcessableProposalFactory - Unknown JDT proposal type 'class org.eclipse.jdt.internal.ui.text.javadoc.JavadocLinkTypeCompletionProposal' ('{@link Name} - java.util.jar.Attributes'). Returning original proposal instead.
2015-06-11 23:14:40,211 [main] WARN  o.e.r.c.r.p.ProcessableProposalFactory - Unknown JDT proposal type 'class org.eclipse.jdt.internal.ui.text.javadoc.JavadocLinkTypeCompletionProposal' ('{@link NotificationEmitter} - javax.management'). Returning original proposal instead.
2015-06-11 23:14:40,211 [main] WARN  o.e.r.c.r.p.ProcessableProposalFactory - Unknown JDT proposal type 'class org.eclipse.jdt.internal.ui.text.javadoc.JavadocLinkTypeCompletionProposal' ('{@link NFA} - edu.princeton.cs.algs4'). Returning original proposal instead.
2015-06-11 23:14:40,212 [main] WARN  o.e.r.c.r.p.ProcessableProposalFactory - Unknown JDT proposal type 'class org.eclipse.jdt.internal.ui.text.javadoc.JavadocLinkTypeCompletionProposal' ('{@link NotBoundException} - java.rmi'). Returning original proposal instead.
2015-06-11 23:14:40,212 [main] WARN  o.e.r.c.r.p.ProcessableProposalFactory - Unknown JDT proposal type 'class org.eclipse.jdt.internal.ui.text.javadoc.JavadocLinkTypeCompletionProposal' ('{@link NullType} - javax.lang.model.type'). Returning original proposal instead.
2015-06-11 23:14:40,212 [main] WARN  o.e.r.c.r.p.ProcessableProposalFactory - Unknown JDT proposal type 'class org.eclipse.jdt.internal.ui.text.javadoc.JavadocLinkTypeCompletionProposal' ('{@link NVList} - org.omg.CORBA'). Returning original proposal instead.
2015-06-11 23:14:40,213 [main] WARN  o.e.r.c.r.p.ProcessableProposalFactory - Unknown JDT proposal type 'class org.eclipse.jdt.internal.ui.text.javadoc.JavadocLinkTypeCompletionProposal' ('{@link NumberFormatProvider} - java.text.spi'). Returning original proposal instead.
2015-06-11 23:14:40,213 [main] WARN  o.e.r.c.r.p.ProcessableProposalFactory - Unknown JDT proposal type 'class org.eclipse.jdt.internal.ui.text.javadoc.JavadocLinkTypeCompletionProposal' ('{@link NestingKind} - javax.lang.model.element'). Returning original proposal instead.
2015-06-11 23:14:40,214 [main] WARN  o.e.r.c.r.p.ProcessableProposalFactory - Unknown JDT proposal type 'class org.eclipse.jdt.internal.ui.text.javadoc.JavadocLinkTypeCompletionProposal' ('{@link NameValuePair} - org.omg.DynamicAny'). Returning original proposal instead.
2015-06-11 23:14:40,214 [main] WARN  o.e.r.c.r.p.ProcessableProposalFactory - Unknown JDT proposal type 'class org.eclipse.jdt.internal.ui.text.javadoc.JavadocLinkTypeCompletionProposal' ('{@link NotificationBroadcaster} - javax.management'). Returning original proposal instead.
